TN:
SF:server/src/app.ts
FN:29,(anonymous_1)
FNF:1
FNH:0
FNDA:0,(anonymous_1)
DA:1,3
DA:2,3
DA:3,3
DA:4,3
DA:5,3
DA:6,3
DA:7,3
DA:8,3
DA:9,3
DA:11,3
DA:12,3
DA:13,3
DA:14,3
DA:15,3
DA:21,3
DA:22,3
DA:23,3
DA:25,3
DA:27,3
DA:29,3
DA:30,0
DA:33,3
LF:22
LH:21
BRF:0
BRH:0
end_of_record
TN:
SF:server/src/db.ts
FN:7,(anonymous_1)
FN:21,(anonymous_2)
FN:44,(anonymous_3)
FN:45,(anonymous_4)
FN:54,(anonymous_5)
FN:58,(anonymous_6)
FNF:6
FNH:6
FNDA:15,(anonymous_1)
FNDA:3,(anonymous_2)
FNDA:1,(anonymous_3)
FNDA:1,(anonymous_4)
FNDA:7,(anonymous_5)
FNDA:9,(anonymous_6)
DA:1,4
DA:4,4
DA:6,4
DA:8,15
DA:10,15
DA:16,15
DA:18,15
DA:22,3
DA:24,3
DA:25,3
DA:27,3
DA:28,2
DA:29,2
DA:33,3
DA:34,2
DA:36,2
DA:38,2
DA:41,1
DA:45,1
DA:47,1
DA:48,1
DA:51,0
DA:55,7
DA:59,9
LF:24
LH:23
BRDA:27,0,0,2
BRDA:33,1,0,2
BRDA:47,2,0,1
BRF:3
BRH:3
end_of_record
TN:
SF:server/src/errors/custom-error.ts
FN:1,(anonymous_6)
FN:4,CustomError
FNF:2
FNH:2
FNDA:3,(anonymous_6)
FNDA:3,CustomError
DA:1,3
DA:5,3
DA:7,3
DA:11,3
LF:4
LH:4
BRDA:5,0,0,3
BRDA:5,0,1,0
BRF:2
BRH:1
end_of_record
TN:
SF:server/src/errors/not-found-error.ts
FN:3,(anonymous_7)
FN:6,NotFoundError
FN:13,(anonymous_9)
FNF:3
FNH:3
FNDA:3,(anonymous_7)
FNDA:1,NotFoundError
FNDA:1,(anonymous_9)
DA:1,3
DA:3,3
DA:4,1
DA:7,1
DA:9,1
DA:13,3
DA:14,1
DA:16,3
LF:8
LH:8
BRDA:7,0,0,1
BRDA:7,0,1,0
BRF:2
BRH:1
end_of_record
TN:
SF:server/src/errors/request-validation-error.ts
FN:4,(anonymous_7)
FN:7,RequestValidationError
FN:14,(anonymous_9)
FN:15,(anonymous_10)
FNF:4
FNH:4
FNDA:3,(anonymous_7)
FNDA:2,RequestValidationError
FNDA:2,(anonymous_9)
FNDA:2,(anonymous_10)
DA:2,3
DA:4,3
DA:5,2
DA:7,2
DA:8,2
DA:11,2
DA:14,3
DA:15,2
DA:20,3
LF:9
LH:9
BRDA:8,0,0,2
BRDA:8,0,1,0
BRF:2
BRH:1
end_of_record
TN:
SF:server/src/middlewares/error-handler.ts
FN:5,(anonymous_1)
FNF:1
FNH:1
FNDA:3,(anonymous_1)
DA:3,3
DA:5,3
DA:11,3
DA:12,3
DA:13,3
DA:16,0
DA:19,3
LF:7
LH:6
BRDA:11,0,0,3
BRF:1
BRH:1
end_of_record
TN:
SF:server/src/middlewares/validate-request.ts
FN:5,(anonymous_1)
FNF:1
FNH:1
FNDA:10,(anonymous_1)
DA:2,3
DA:3,3
DA:5,3
DA:6,10
DA:8,10
DA:9,2
DA:12,8
DA:15,3
LF:8
LH:8
BRDA:8,0,0,2
BRF:1
BRH:1
end_of_record
TN:
SF:server/src/routes/add.ts
FN:25,(anonymous_14)
FN:25,(anonymous_15)
FNF:2
FNH:2
FNDA:8,(anonymous_14)
FNDA:8,(anonymous_15)
DA:1,3
DA:2,3
DA:3,3
DA:4,3
DA:5,3
DA:7,3
DA:8,3
DA:15,3
DA:25,8
DA:26,8
DA:28,8
DA:30,8
DA:34,3
LF:13
LH:13
BRF:0
BRH:0
end_of_record
TN:
SF:server/src/routes/delete.ts
FN:15,(anonymous_14)
FN:15,(anonymous_15)
FNF:2
FNH:2
FNDA:2,(anonymous_14)
FNDA:2,(anonymous_15)
DA:1,3
DA:2,3
DA:3,3
DA:4,3
DA:6,3
DA:7,3
DA:13,3
DA:15,2
DA:16,2
DA:18,2
DA:20,2
DA:21,1
DA:24,1
DA:28,3
LF:14
LH:14
BRDA:20,0,0,1
BRF:1
BRH:1
end_of_record
TN:
SF:server/src/routes/list.ts
FN:8,(anonymous_14)
FN:8,(anonymous_15)
FNF:2
FNH:2
FNDA:3,(anonymous_14)
FNDA:3,(anonymous_15)
DA:1,3
DA:2,3
DA:3,3
DA:5,3
DA:6,3
DA:8,3
DA:9,3
DA:11,3
DA:13,3
DA:16,3
LF:10
LH:10
BRF:0
BRH:0
end_of_record
